Build started 1/13/2018 1:20:22 AM.
     1>Project "C:\sahil\development\ComDll\ComDll\ComDll\ComDll.vcxproj" on node 2 (Rebuild target(s)).
     1>_PrepareForClean:
         Deleting file "Debug\ComDll.tlog\ComDll.lastbuildstate".
       InitializeBuildStatus:
         Creating "Debug\ComDll.tlog\unsuccessfulbuild" because "AlwaysCreate" was specified.
       ClCompile:
         C:\Program Files (x86)\Microsoft Visual Studio\2017\Professional\VC\Tools\MSVC\14.11.25503\bin\HostX86\x86\CL.exe /c /ZI /nologo /W3 /WX- /diagnostics:classic /sdl /Od /Oy- /D WIN32 /D _DEBUG /D COMDLL_EXPORTS /D _WINDOWS /D _USRDLL /D _WINDLL /D _UNICODE /D UNICODE /Gm /EHsc /RTC1 /MDd /GS /fp:precise /Zc:wchar_t /Zc:forScope /Zc:inline /Yc"stdafx.h" /Fp"Debug\ComDll.pch" /Fo"Debug\\" /Fd"Debug\vc141.pdb" /Gd /TP /analyze- /errorReport:prompt stdafx.cpp
         stdafx.cpp
         C:\Program Files (x86)\Microsoft Visual Studio\2017\Professional\VC\Tools\MSVC\14.11.25503\bin\HostX86\x86\CL.exe /c /ZI /nologo /W3 /WX- /diagnostics:classic /sdl /Od /Oy- /D WIN32 /D _DEBUG /D COMDLL_EXPORTS /D _WINDOWS /D _USRDLL /D _WINDLL /D _UNICODE /D UNICODE /Gm /EHsc /RTC1 /MDd /GS /fp:precise /Zc:wchar_t /Zc:forScope /Zc:inline /Yu"stdafx.h" /Fp"Debug\ComDll.pch" /Fo"Debug\\" /Fd"Debug\vc141.pdb" /Gd /TP /analyze- /errorReport:prompt ComDll.cpp
         ComDll.cpp
       Link:
         C:\Program Files (x86)\Microsoft Visual Studio\2017\Professional\VC\Tools\MSVC\14.11.25503\bin\HostX86\x86\link.exe /ERRORREPORT:PROMPT /OUT:"C:\sahil\development\ComDll\ComDll\Debug\ComDll.dll" /INCREMENTAL /NOLOGO kernel32.lib user32.lib gdi32.lib winspool.lib comdlg32.lib advapi32.lib shell32.lib ole32.lib oleaut32.lib uuid.lib odbc32.lib odbccp32.lib /DEF:".\ComDll.def" /MANIFEST /MANIFESTUAC:"level='asInvoker' uiAccess='false'" /manifest:embed /DEBUG:FASTLINK /PDB:"C:\sahil\development\ComDll\ComDll\Debug\ComDll.pdb" /SUBSYSTEM:WINDOWS /TLBID:1 /DYNAMICBASE /NXCOMPAT /IMPLIB:"C:\sahil\development\ComDll\ComDll\Debug\ComDll.lib" /MACHINE:X86 /DLL Debug\ComDll.obj
         Debug\stdafx.obj
     1>.\ComDll.def : warning LNK4222: exported symbol 'DllCanUnloadNow' should not be assigned an ordinal
     1>.\ComDll.def : warning LNK4222: exported symbol 'DllGetClassObject' should not be assigned an ordinal
     1>.\ComDll.def : warning LNK4222: exported symbol 'DllRegisterServer' should not be assigned an ordinal
     1>.\ComDll.def : warning LNK4222: exported symbol 'DllUnregisterServer' should not be assigned an ordinal
            Creating library C:\sahil\development\ComDll\ComDll\Debug\ComDll.lib and object C:\sahil\development\ComDll\ComDll\Debug\ComDll.exp
         ComDll.vcxproj -> C:\sahil\development\ComDll\ComDll\Debug\ComDll.dll
       FinalizeBuildStatus:
         Deleting file "Debug\ComDll.tlog\unsuccessfulbuild".
         Touching "Debug\ComDll.tlog\ComDll.lastbuildstate".
     1>Done Building Project "C:\sahil\development\ComDll\ComDll\ComDll\ComDll.vcxproj" (Rebuild target(s)).
